{
  "stats": {
    "suites": 1,
    "tests": 0,
    "passes": 0,
    "pending": 0,
    "failures": 0,
    "start": "2024-11-14T04:10:15.838Z",
    "end": "2024-11-14T04:10:41.485Z",
    "duration": 25647,
    "testsRegistered": 2,
    "passPercent": 0,
    "pendingPercent": 0,
    "other": 1,
    "hasOther": true,
    "skipped": 2,
    "hasSkipped": true
  },
  "results": [
    {
      "uuid": "10a5d619-a4fa-4050-a346-e39f7a5cbaec",
      "title": "",
      "fullFile": "/home/project/test/specs/map.spec.js",
      "file": "/test/specs/map.spec.js",
      "beforeHooks": [],
      "afterHooks": [],
      "tests": [],
      "suites": [
        {
          "uuid": "80c623ec-f9b4-4f9a-b539-e8a833eb3f09",
          "title": "Mapbox Map Tests",
          "fullFile": "/home/project/test/specs/map.spec.js",
          "file": "/test/specs/map.spec.js",
          "beforeHooks": [
            {
              "title": "\"before all\" hook for \"should load map successfully\"",
              "fullTitle": "Mapbox Map Tests \"before all\" hook for \"should load map successfully\"",
              "timedOut": false,
              "duration": 25542,
              "state": "failed",
              "speed": null,
              "pass": false,
              "fail": true,
              "pending": false,
              "context": null,
              "code": "var t = this, e = arguments; return new Promise(function (r, o) { var a = n.apply(t, e); function _next(n) { asyncGeneratorStep(a, r, o, _next, _throw, \"next\", n); } function _throw(n) { asyncGeneratorStep(a, r, o, _next, _throw, \"throw\", n); } _next(void 0); });",
              "err": {
                "message": "Error: Unable to obtain browser driver.\n        For more information on how to install drivers see\n        https://www.selenium.dev/documentation/webdriver/troubleshooting/errors/driver_location/. Error: Error executing command for /home/project/node_modules/selenium-webdriver/bin/linux/selenium-manager with --browser,chrome,--language-binding,javascript,--output,json: /home/project/node_modules/selenium-webdriver/bin/linux/selenium-manager: line 1: a command can only contain words and redirects\n",
                "estack": "Error: Unable to obtain browser driver.\n        For more information on how to install drivers see\n        https://www.selenium.dev/documentation/webdriver/troubleshooting/errors/driver_location/. Error: Error executing command for /home/project/node_modules/selenium-webdriver/bin/linux/selenium-manager with --browser,chrome,--language-binding,javascript,--output,json: /home/project/node_modules/selenium-webdriver/bin/linux/selenium-manager: line 1: a command can only contain words and redirects\n\n    at getBinaryPaths (node_modules/selenium-webdriver/common/driverFinder.js:38:11)\n    at _0x3d6c97.createSession (node_modules/selenium-webdriver/chromium.js:627:45)\n    at _0x3d6c97.createSession (node_modules/selenium-webdriver/chrome.js:219:42)\n    at createDriver (node_modules/selenium-webdriver/index.js:153:33)\n    at Builder.build (node_modules/selenium-webdriver/index.js:674:16)\n    at call (test/utils/driver.js:13:8)\n    at tryCatch (test/utils/driver.js:2:1)\n    at Generator._invoke (test/utils/driver.js:2:1)\n    at Generator.eval (test/utils/driver.js:2:1)\n    at asyncGeneratorStep (test/utils/driver.js:2:1)\n    at _next (test/utils/driver.js:2:1)\n    at eval (test/utils/driver.js:2:1)\n    at https://zp1v56uxy8rdx5ypatb0ockcb9tr6a-oci3-rp7w90aa.w-credentialless-staticblitz.com/blitz.f565b097.js:40:21269\n    at new Promise (<anonymous>)\n    at new Promise (https://zp1v56uxy8rdx5ypatb0ockcb9tr6a-oci3-rp7w90aa.w-credentialless-staticblitz.com/blitz.f565b097.js:40:21240)\n    at Function.apply (test/utils/driver.js:2:1)\n    at Function.createDriver (test/utils/driver.js:6:28)\n    at call (test/specs/map.spec.js:11:34)\n    at tryCatch (test/specs/map.spec.js:2:1)\n    at Generator._invoke (test/specs/map.spec.js:2:1)\n    at Generator.eval (test/specs/map.spec.js:2:1)\n    at asyncGeneratorStep (test/specs/map.spec.js:2:1)\n    at _next (test/specs/map.spec.js:2:1)\n    at eval (test/specs/map.spec.js:2:1)\n    at https://zp1v56uxy8rdx5ypatb0ockcb9tr6a-oci3-rp7w90aa.w-credentialless-staticblitz.com/blitz.f565b097.js:40:21269\n    at new Promise (<anonymous>)\n    at new Promise (https://zp1v56uxy8rdx5ypatb0ockcb9tr6a-oci3-rp7w90aa.w-credentialless-staticblitz.com/blitz.f565b097.js:40:21240)\n    at Context.eval (test/specs/map.spec.js:2:1)\n    at node:internal/timers:246:5398",
                "diff": null
              },
              "uuid": "4a470906-cf89-4bba-9d94-82e2dd24d50a",
              "parentUUID": "80c623ec-f9b4-4f9a-b539-e8a833eb3f09",
              "isHook": true,
              "skipped": false
            }
          ],
          "afterHooks": [
            {
              "title": "\"after all\" hook in \"Mapbox Map Tests\"",
              "fullTitle": "Mapbox Map Tests \"after all\" hook in \"Mapbox Map Tests\"",
              "timedOut": false,
              "duration": 1,
              "state": null,
              "speed": null,
              "pass": false,
              "fail": false,
              "pending": false,
              "context": null,
              "code": "var t = this, e = arguments; return new Promise(function (r, o) { var a = n.apply(t, e); function _next(n) { asyncGeneratorStep(a, r, o, _next, _throw, \"next\", n); } function _throw(n) { asyncGeneratorStep(a, r, o, _next, _throw, \"throw\", n); } _next(void 0); });",
              "err": {},
              "uuid": "57e54291-7674-4b79-9c0d-c557ba9e9af9",
              "parentUUID": "80c623ec-f9b4-4f9a-b539-e8a833eb3f09",
              "isHook": true,
              "skipped": false
            }
          ],
          "tests": [
            {
              "title": "should load map successfully",
              "fullTitle": "Mapbox Map Tests should load map successfully",
              "timedOut": false,
              "duration": 0,
              "state": null,
              "speed": null,
              "pass": false,
              "fail": false,
              "pending": false,
              "context": null,
              "code": "var t = this, e = arguments; return new Promise(function (r, o) { var a = n.apply(t, e); function _next(n) { asyncGeneratorStep(a, r, o, _next, _throw, \"next\", n); } function _throw(n) { asyncGeneratorStep(a, r, o, _next, _throw, \"throw\", n); } _next(void 0); });",
              "err": {},
              "uuid": "de817426-cfa1-4d2f-80ef-87b9d6f4706c",
              "parentUUID": "80c623ec-f9b4-4f9a-b539-e8a833eb3f09",
              "isHook": false,
              "skipped": true
            },
            {
              "title": "should have correct map container size",
              "fullTitle": "Mapbox Map Tests should have correct map container size",
              "timedOut": false,
              "duration": 0,
              "state": null,
              "speed": null,
              "pass": false,
              "fail": false,
              "pending": false,
              "context": null,
              "code": "var t = this, e = arguments; return new Promise(function (r, o) { var a = n.apply(t, e); function _next(n) { asyncGeneratorStep(a, r, o, _next, _throw, \"next\", n); } function _throw(n) { asyncGeneratorStep(a, r, o, _next, _throw, \"throw\", n); } _next(void 0); });",
              "err": {},
              "uuid": "fd035003-1a2c-437b-9190-8e2f2ac8810a",
              "parentUUID": "80c623ec-f9b4-4f9a-b539-e8a833eb3f09",
              "isHook": false,
              "skipped": true
            }
          ],
          "suites": [],
          "passes": [],
          "failures": [],
          "pending": [],
          "skipped": [
            "de817426-cfa1-4d2f-80ef-87b9d6f4706c",
            "fd035003-1a2c-437b-9190-8e2f2ac8810a"
          ],
          "duration": 0,
          "root": false,
          "rootEmpty": false,
          "_timeout": 30000
        }
      ],
      "passes": [],
      "failures": [],
      "pending": [],
      "skipped": [],
      "duration": 0,
      "root": true,
      "rootEmpty": true,
      "_timeout": 30000
    }
  ],
  "meta": {
    "mocha": {
      "version": "10.8.2"
    },
    "mochawesome": {
      "options": {
        "quiet": false,
        "reportFilename": "index",
        "saveHtml": true,
        "saveJson": true,
        "consoleReporter": "spec",
        "useInlineDiffs": false,
        "code": true
      },
      "version": "7.1.3"
    },
    "marge": {
      "options": {
        "reportDir": "mochawesome-report",
        "reportFilename": "index",
        "html": "true",
        "json": "true",
        "overwrite": "true",
        "timestamp": "true",
        "charts": "true",
        "code": "true",
        "reportTitle": "Mapbox Test Report",
        "showPassed": "true",
        "showFailed": "true",
        "showPending": "true",
        "showSkipped": "true"
      },
      "version": "6.2.0"
    }
  }
}